# JRE version: OpenJDK Runtime Environment (7.0_79-b14) (build 1.7.0_79-b14)
# Java VM: OpenJDK 64-Bit Server VM (24.79-b02 mixed mode linux-amd64 compressed oops)
Heap
 PSYoungGen      total 347136K, used 62237K [0x00000000dfe80000, 0x0000000100000000, 0x0000000100000000)
  eden space 175616K, 0% used [0x00000000dfe80000,0x00000000dfe80000,0x00000000eaa00000)
  from space 171520K, 36% used [0x00000000f5880000,0x00000000f9547420,0x0000000100000000)
  to   space 175104K, 0% used [0x00000000eaa00000,0x00000000eaa00000,0x00000000f5500000)
 ParOldGen       total 713216K, used 712785K [0x000000009fc00000, 0x00000000cb480000, 0x00000000dfe80000)
  object space 713216K, 99% used [0x000000009fc00000,0x00000000cb414428,0x00000000cb480000)
 PSPermGen       total 21504K, used 3386K [0x0000000095600000, 0x0000000096b00000, 0x000000009fc00000)
  object space 21504K, 15% used [0x0000000095600000,0x000000009594eb38,0x0000000096b00000)
GC Heap History (10 events):
Event: 126.846 GC heap after
Heap after GC invocations=23 (full 5):
 PSYoungGen      total 363008K, used 123896K [0x00000000dfe80000, 0x0000000100000000, 0x0000000100000000)
  eden space 239104K, 0% used [0x00000000dfe80000,0x00000000dfe80000,0x00000000ee800000)
  from space 123904K, 99% used [0x00000000f8600000,0x00000000ffefe200,0x00000000fff00000)
  to   space 143360K, 0% used [0x00000000ee800000,0x00000000ee800000,0x00000000f7400000)
 ParOldGen       total 713216K, used 495791K [0x000000009fc00000, 0x00000000cb480000, 0x00000000dfe80000)
  object space 713216K, 69% used [0x000000009fc00000,0x00000000be02be90,0x00000000cb480000)
 PSPermGen       total 21504K, used 3386K [0x0000000095600000, 0x0000000096b00000, 0x000000009fc00000)
  object space 21504K, 15% used [0x0000000095600000,0x000000009594eb38,0x0000000096b00000)
}
Event: 127.948 GC heap before
{Heap before GC invocations=24 (full 5):
 PSYoungGen      total 363008K, used 363000K [0x00000000dfe80000, 0x0000000100000000, 0x0000000100000000)
  eden space 239104K, 100% used [0x00000000dfe80000,0x00000000ee800000,0x00000000ee800000)
  from space 123904K, 99% used [0x00000000f8600000,0x00000000ffefe200,0x00000000fff00000)
  to   space 143360K, 0% used [0x00000000ee800000,0x00000000ee800000,0x00000000f7400000)
 ParOldGen       total 713216K, used 495791K [0x000000009fc00000, 0x00000000cb480000, 0x00000000dfe80000)
  object space 713216K, 69% used [0x000000009fc00000,0x00000000be02be90,0x00000000cb480000)
 PSPermGen       total 21504K, used 3386K [0x0000000095600000, 0x0000000096b00000, 0x000000009fc00000)
  object space 21504K, 15% used [0x0000000095600000,0x000000009594eb38,0x0000000096b00000)
Event: 129.472 GC heap after
Heap after GC invocations=24 (full 5):
 PSYoungGen      total 340992K, used 101696K [0x00000000dfe80000, 0x0000000100000000, 0x0000000100000000)
  eden space 239104K, 0% used [0x00000000dfe80000,0x00000000dfe80000,0x00000000ee800000)
  from space 101888K, 99% used [0x00000000ee800000,0x00000000f4b50000,0x00000000f4b80000)
  to   space 149504K, 0% used [0x00000000f6e00000,0x00000000f6e00000,0x0000000100000000)
 ParOldGen       total 713216K, used 565224K [0x000000009fc00000, 0x00000000cb480000, 0x00000000dfe80000)
  object space 713216K, 79% used [0x000000009fc00000,0x00000000c23fa090,0x00000000cb480000)
 PSPermGen       total 21504K, used 3386K [0x0000000095600000, 0x0000000096b00000, 0x000000009fc00000)
  object space 21504K, 15% used [0x0000000095600000,0x000000009594eb38,0x0000000096b00000)
}
Event: 130.652 GC heap before
{Heap before GC invocations=25 (full 5):
 PSYoungGen      total 340992K, used 340800K [0x00000000dfe80000, 0x0000000100000000, 0x0000000100000000)
  eden space 239104K, 100% used [0x00000000dfe80000,0x00000000ee800000,0x00000000ee800000)
  from space 101888K, 99% used [0x00000000ee800000,0x00000000f4b50000,0x00000000f4b80000)
  to   space 149504K, 0% used [0x00000000f6e00000,0x00000000f6e00000,0x0000000100000000)
 ParOldGen       total 713216K, used 565224K [0x000000009fc00000, 0x00000000cb480000, 0x00000000dfe80000)
  object space 713216K, 79% used [0x000000009fc00000,0x00000000c23fa090,0x00000000cb480000)
 PSPermGen       total 21504K, used 3386K [0x0000000095600000, 0x0000000096b00000, 0x000000009fc00000)
  object space 21504K, 15% used [0x0000000095600000,0x000000009594eb38,0x0000000096b00000)
Event: 131.966 GC heap after
Heap after GC invocations=25 (full 5):
 PSYoungGen      total 332288K, used 148832K [0x00000000dfe80000, 0x0000000100000000, 0x0000000100000000)
  eden space 182784K, 0% used [0x00000000dfe80000,0x00000000dfe80000,0x00000000eb100000)
  from space 149504K, 99% used [0x00000000f6e00000,0x00000000fff58000,0x0000000100000000)
  to   space 171520K, 0% used [0x00000000eb100000,0x00000000eb100000,0x00000000f5880000)
 ParOldGen       total 713216K, used 565224K [0x000000009fc00000, 0x00000000cb480000, 0x00000000dfe80000)
  object space 713216K, 79% used [0x000000009fc00000,0x00000000c23fa090,0x00000000cb480000)
 PSPermGen       total 21504K, used 3386K [0x0000000095600000, 0x0000000096b00000, 0x000000009fc00000)
  object space 21504K, 15% used [0x0000000095600000,0x000000009594eb38,0x0000000096b00000)
}
Event: 132.503 GC heap before
{Heap before GC invocations=26 (full 5):
 PSYoungGen      total 332288K, used 331616K [0x00000000dfe80000, 0x0000000100000000, 0x0000000100000000)
  eden space 182784K, 100% used [0x00000000dfe80000,0x00000000eb100000,0x00000000eb100000)
  from space 149504K, 99% used [0x00000000f6e00000,0x00000000fff58000,0x0000000100000000)
  to   space 171520K, 0% used [0x00000000eb100000,0x00000000eb100000,0x00000000f5880000)
 ParOldGen       total 713216K, used 565224K [0x000000009fc00000, 0x00000000cb480000, 0x00000000dfe80000)
  object space 713216K, 79% used [0x000000009fc00000,0x00000000c23fa090,0x00000000cb480000)
 PSPermGen       total 21504K, used 3386K [0x0000000095600000, 0x0000000096b00000, 0x000000009fc00000)
  object space 21504K, 15% used [0x0000000095600000,0x000000009594eb38,0x0000000096b00000)
Event: 133.913 GC heap after
Heap after GC invocations=26 (full 5):
 PSYoungGen      total 354304K, used 171520K [0x00000000dfe80000, 0x0000000100000000, 0x0000000100000000)
  eden space 182784K, 0% used [0x00000000dfe80000,0x00000000dfe80000,0x00000000eb100000)
  from space 171520K, 100% used [0x00000000eb100000,0x00000000f5880000,0x00000000f5880000)
  to   space 171520K, 0% used [0x00000000f5880000,0x00000000f5880000,0x0000000100000000)
 ParOldGen       total 713216K, used 578520K [0x000000009fc00000, 0x00000000cb480000, 0x00000000dfe80000)
  object space 713216K, 81% used [0x000000009fc00000,0x00000000c30f6090,0x00000000cb480000)
 PSPermGen       total 21504K, used 3386K [0x0000000095600000, 0x0000000096b00000, 0x000000009fc00000)
  object space 21504K, 15% used [0x0000000095600000,0x000000009594eb38,0x0000000096b00000)
}
Event: 134.775 GC heap before
{Heap before GC invocations=27 (full 5):
 PSYoungGen      total 354304K, used 354304K [0x00000000dfe80000, 0x0000000100000000, 0x0000000100000000)
  eden space 182784K, 100% used [0x00000000dfe80000,0x00000000eb100000,0x00000000eb100000)
  from space 171520K, 100% used [0x00000000eb100000,0x00000000f5880000,0x00000000f5880000)
  to   space 171520K, 0% used [0x00000000f5880000,0x00000000f5880000,0x0000000100000000)
 ParOldGen       total 713216K, used 578520K [0x000000009fc00000, 0x00000000cb480000, 0x00000000dfe80000)
  object space 713216K, 81% used [0x000000009fc00000,0x00000000c30f6090,0x00000000cb480000)
 PSPermGen       total 21504K, used 3386K [0x0000000095600000, 0x0000000096b00000, 0x000000009fc00000)
  object space 21504K, 15% used [0x0000000095600000,0x000000009594eb38,0x0000000096b00000)
Event: 137.671 GC heap after
Heap after GC invocations=27 (full 5):
 PSYoungGen      total 347136K, used 119168K [0x00000000dfe80000, 0x0000000100000000, 0x0000000100000000)
  eden space 175616K, 0% used [0x00000000dfe80000,0x00000000dfe80000,0x00000000eaa00000)
  from space 171520K, 69% used [0x00000000f5880000,0x00000000fcce0000,0x0000000100000000)
  to   space 175104K, 0% used [0x00000000eaa00000,0x00000000eaa00000,0x00000000f5500000)
 ParOldGen       total 713216K, used 667088K [0x000000009fc00000, 0x00000000cb480000, 0x00000000dfe80000)
  object space 713216K, 93% used [0x000000009fc00000,0x00000000c8774090,0x00000000cb480000)
 PSPermGen       total 21504K, used 3386K [0x0000000095600000, 0x0000000096b00000, 0x000000009fc00000)
  object space 21504K, 15% used [0x0000000095600000,0x000000009594eb38,0x0000000096b00000)
}
Event: 137.672 GC heap before
{Heap before GC invocations=28 (full 6):
 PSYoungGen      total 347136K, used 119168K [0x00000000dfe80000, 0x0000000100000000, 0x0000000100000000)
  eden space 175616K, 0% used [0x00000000dfe80000,0x00000000dfe80000,0x00000000eaa00000)
  from space 171520K, 69% used [0x00000000f5880000,0x00000000fcce0000,0x0000000100000000)
  to   space 175104K, 0% used [0x00000000eaa00000,0x00000000eaa00000,0x00000000f5500000)
 ParOldGen       total 713216K, used 667088K [0x000000009fc00000, 0x00000000cb480000, 0x00000000dfe80000)
  object space 713216K, 93% used [0x000000009fc00000,0x00000000c8774090,0x00000000cb480000)
 PSPermGen       total 21504K, used 3386K [0x0000000095600000, 0x0000000096b00000, 0x000000009fc00000)
  object space 21504K, 15% used [0x0000000095600000,0x000000009594eb38,0x0000000096b00000)

